2016-04-29T14:24:40+08:00	tid=2016042928587&lastmodify=2016-04-29 08:05:40&promotion_details=[{"promotion_name":"","promotion_fee":0}]&total_weight=0&created=2016-04-29 05:34:08&pay_time=2016-04-29 06:24:40&payment_lists={"payment_list":[{"tid":"2016042928587","seller_bank":"","seller_account":"","buyer_id":0,"buy_name":"","buyer_account":"","pay_fee":75,"paycost":75,"currency":"CNY","currency_fee":75,"pay_type":"deposit","payment_code":"deposit","payment_name":"u652fu4ed8u5b9d","t_begin":"2016-04-29 05:35:35","t_end":"2016-04-29 05:35:35","pay_time":"2016-04-29 05:35:35","status":"SUCC","memo":"","outer_no":""},{"tid":"2016042928587","seller_bank":"","seller_account":"","buyer_id":0,"buy_name":"","buyer_account":"","pay_fee":10,"paycost":10,"currency":"CNY","currency_fee":10,"pay_type":"deposit","payment_code":"deposit","payment_name":"u652fu4ed8u5b9d","t_begin":"2016-04-29 05:56:36","t_end":"2016-04-29 05:56:36","pay_time":"2016-04-29 05:56:36","status":"SUCC","memo":"","outer_no":""},{"tid":"2016042928587","seller_bank":"","seller_account":"","buyer_id":0,"buy_name":"","buyer_account":"","pay_fee":10,"paycost":10,"currency":"CNY","currency_fee":10,"pay_type":"deposit","payment_code":"deposit","payment_name":"u652fu4ed8u5b9d","t_begin":"2016-04-29 06:40:24","t_end":"2016-04-29 06:40:24","pay_time":"2016-04-29 06:40:24","status":"SUCC","memo":"","outer_no":""}]}&status=TRADE_ACTIVE&pay_status=PAY_FINISH&ship_status=SHIP_NO&payed_fee=95.00&total_goods_fee=80.00&total_trade_fee=95.00&currency=CNY&currency_rate=1&buyer_obtain_point_fee=0&is_protect=false&protect_fee=0.00&discount_fee=0.00&is_cod=false&payment_tid=2&payment_type=支付宝&orders_number=5&buyer_uname=chen&buyer_name=&buyer_mobile=13681644055&buyer_state=&receiver_name=马晓辰&receiver_phone=021-51086858&receiver_mobile=13681644055&receiver_state=贵州省&receiver_city=那曲地区&receiver_district=秀山土家族苗族自治县&receiver_address=桂林路396号2号楼四楼&receiver_zip=200233&orders={"order":[{"iid":"3","title":"u591au5f69u4ebau751fu591au5f69u88e4","weight":"0.000","bn":"ECS000003","orders_bn":"ECS000003g_p2","items_num":"2","total_order_fee":"10.00","oid":null,"status":"TRADE_ACTIVE","type":"goods","order_items":{"item":[{"iid":"2","bn":"ECS000003g_p2","price":"10.00","name":"u591au5f69u4ebau751fu591au5f69u88e4","weight":"0.000","num":"2","total_item_fee":"10.00","sku_properties":"u8863u670du7684u5c3au7801:L u8863u670du989cu8272:u7ea2u8272 ","sendnum":"0","item_type":"product","sale_price":20,"discount_fee":"0","score":"10.00","item_status":"normal"}]}},{"iid":"3","title":"u591au5f69u4ebau751fu591au5f69u88e4","weight":"0.000","bn":"ECS000003","orders_bn":"ECS000003g_p3","items_num":"3","total_order_fee":"20.00","oid":null,"status":"TRADE_ACTIVE","type":"goods","order_items":{"item":[{"iid":"3","bn":"ECS000003g_p3","price":"20.00","name":"u591au5f69u4ebau751fu591au5f69u88e4","weight":"0.000","num":"3","total_item_fee":"20.00","sku_properties":"u8863u670du7684u5c3au7801:M  u8863u670du989cu8272:u7effu8272  ","sendnum":"0","item_type":"product","sale_price":60,"discount_fee":"0","score":"20.00","item_status":"normal"}]}}]}&orders_discount_fee=0&shipping_tid=2&shipping_type=申通快递&shipping_fee=15.00&has_invoice=&invoice_title=&invoice_fee=0.00&pay_cost=0.00&buyer_memo=&trade_memo=&channel_ver=&consign_time=&step_trade_status=&trade_type=&buyer_email=&cod_status=&step_paid_fee=&end_time=&channel=fast&order_source=本站&logistics_no=&method=store.trade.add&callback_type=CREATEORDER&callback_type_id=2016042928587&from_type=ecshop_b2c&app_id=ecshop_b2c&certi_id=1856182534&from_node_id=1244974736&date=1461911080&timestamp=1461911080.4738&refresh_time=2016-04-29 14:24:40&format=json&v=1.0&from_api_v=1.0&node_type=ecos.ome&to_node_id=1538393636&_id=rel_1244974736_store.trade.add_1538393636&task=14619110804396&real_time=true&callback_url=http://192.168.131.88/ecshop_git/&sign=1A674DC0B2762A43D5C9F1E73A400F7E
array (
  'tid' => '2016042928587',
  'lastmodify' => '2016-04-29 08:05:40',
  'promotion_details' => '[{"promotion_name":"","promotion_fee":0}]',
  'total_weight' => 0,
  'created' => '2016-04-29 05:34:08',
  'pay_time' => '2016-04-29 06:24:40',
  'payment_lists' => '{"payment_list":[{"tid":"2016042928587","seller_bank":"","seller_account":"","buyer_id":0,"buy_name":"","buyer_account":"","pay_fee":75,"paycost":75,"currency":"CNY","currency_fee":75,"pay_type":"deposit","payment_code":"deposit","payment_name":"\u652f\u4ed8\u5b9d","t_begin":"2016-04-29 05:35:35","t_end":"2016-04-29 05:35:35","pay_time":"2016-04-29 05:35:35","status":"SUCC","memo":"","outer_no":""},{"tid":"2016042928587","seller_bank":"","seller_account":"","buyer_id":0,"buy_name":"","buyer_account":"","pay_fee":10,"paycost":10,"currency":"CNY","currency_fee":10,"pay_type":"deposit","payment_code":"deposit","payment_name":"\u652f\u4ed8\u5b9d","t_begin":"2016-04-29 05:56:36","t_end":"2016-04-29 05:56:36","pay_time":"2016-04-29 05:56:36","status":"SUCC","memo":"","outer_no":""},{"tid":"2016042928587","seller_bank":"","seller_account":"","buyer_id":0,"buy_name":"","buyer_account":"","pay_fee":10,"paycost":10,"currency":"CNY","currency_fee":10,"pay_type":"deposit","payment_code":"deposit","payment_name":"\u652f\u4ed8\u5b9d","t_begin":"2016-04-29 06:40:24","t_end":"2016-04-29 06:40:24","pay_time":"2016-04-29 06:40:24","status":"SUCC","memo":"","outer_no":""}]}',
  'status' => 'TRADE_ACTIVE',
  'pay_status' => 'PAY_FINISH',
  'ship_status' => 'SHIP_NO',
  'payed_fee' => '95.00',
  'total_goods_fee' => '80.00',
  'total_trade_fee' => '95.00',
  'currency' => 'CNY',
  'currency_rate' => 1,
  'buyer_obtain_point_fee' => 0,
  'is_protect' => 'false',
  'protect_fee' => '0.00',
  'discount_fee' => '0.00',
  'is_cod' => 'false',
  'payment_tid' => '2',
  'payment_type' => '支付宝',
  'orders_number' => '5',
  'buyer_uname' => 'chen',
  'buyer_name' => '',
  'buyer_mobile' => '13681644055',
  'buyer_state' => '',
  'receiver_name' => '马晓辰',
  'receiver_phone' => '021-51086858',
  'receiver_mobile' => '13681644055',
  'receiver_state' => '贵州省',
  'receiver_city' => '那曲地区',
  'receiver_district' => '秀山土家族苗族自治县',
  'receiver_address' => '桂林路396号2号楼四楼',
  'receiver_zip' => '200233',
  'orders' => '{"order":[{"iid":"3","title":"\u591a\u5f69\u4eba\u751f\u591a\u5f69\u88e4","weight":"0.000","bn":"ECS000003","orders_bn":"ECS000003g_p2","items_num":"2","total_order_fee":"10.00","oid":null,"status":"TRADE_ACTIVE","type":"goods","order_items":{"item":[{"iid":"2","bn":"ECS000003g_p2","price":"10.00","name":"\u591a\u5f69\u4eba\u751f\u591a\u5f69\u88e4","weight":"0.000","num":"2","total_item_fee":"10.00","sku_properties":"\u8863\u670d\u7684\u5c3a\u7801:L \u8863\u670d\u989c\u8272:\u7ea2\u8272 ","sendnum":"0","item_type":"product","sale_price":20,"discount_fee":"0","score":"10.00","item_status":"normal"}]}},{"iid":"3","title":"\u591a\u5f69\u4eba\u751f\u591a\u5f69\u88e4","weight":"0.000","bn":"ECS000003","orders_bn":"ECS000003g_p3","items_num":"3","total_order_fee":"20.00","oid":null,"status":"TRADE_ACTIVE","type":"goods","order_items":{"item":[{"iid":"3","bn":"ECS000003g_p3","price":"20.00","name":"\u591a\u5f69\u4eba\u751f\u591a\u5f69\u88e4","weight":"0.000","num":"3","total_item_fee":"20.00","sku_properties":"\u8863\u670d\u7684\u5c3a\u7801:M  \u8863\u670d\u989c\u8272:\u7eff\u8272  ","sendnum":"0","item_type":"product","sale_price":60,"discount_fee":"0","score":"20.00","item_status":"normal"}]}}]}',
  'orders_discount_fee' => 0,
  'shipping_tid' => '2',
  'shipping_type' => '申通快递',
  'shipping_fee' => '15.00',
  'has_invoice' => '',
  'invoice_title' => '',
  'invoice_fee' => '0.00',
  'pay_cost' => '0.00',
  'buyer_memo' => '',
  'trade_memo' => '',
  'channel_ver' => '',
  'consign_time' => '',
  'step_trade_status' => '',
  'trade_type' => '',
  'buyer_email' => '',
  'cod_status' => '',
  'step_paid_fee' => '',
  'end_time' => '',
  'channel' => 'fast',
  'order_source' => '本站',
  'logistics_no' => '',
  'method' => 'store.trade.add',
  'callback_type' => 'CREATEORDER',
  'callback_type_id' => '2016042928587',
  'from_type' => 'ecshop_b2c',
  'app_id' => 'ecshop_b2c',
  'certi_id' => '1856182534',
  'from_node_id' => '1244974736',
  'date' => 1461911080,
  'timestamp' => 1461911080.4738,
  'refresh_time' => '2016-04-29 14:24:40',
  'format' => 'json',
  'v' => '1.0',
  'from_api_v' => '1.0',
  'node_type' => 'ecos.ome',
  'to_node_id' => '1538393636',
  '_id' => 'rel_1244974736_store.trade.add_1538393636',
  'task' => '14619110804396',
  'real_time' => 'true',
  'callback_url' => 'http://192.168.131.88/ecshop_git/',
  'sign' => '1A674DC0B2762A43D5C9F1E73A400F7E',
)

2016-04-29T14:24:45+08:00	
array (
  'header' => 'HTTP/1.1 200 OK
Server: openresty/1.9.3.1
Date: Fri, 29 Apr 2016 05:44:03 GMT
Content-Type: text/html; charset=ISO-8859-1
Connection: close',
  'body' => '{"res": "", "msg_id": "5722FE37C0A84B76C2184DC6200D13CB", "err_msg": "", "data": "{\"tid\": \"2016042928587\"}", "rsp": "succ"}',
)

2016-04-29T14:26:49+08:00	tid=2016042928587&lastmodify=2016-04-29 08:07:49&promotion_details=[{"promotion_name":"","promotion_fee":1}]&total_weight=0&created=2016-04-29 05:34:08&pay_time=2016-04-29 06:26:49&payment_lists={"payment_list":[{"tid":"2016042928587","seller_bank":"","seller_account":"","buyer_id":0,"buy_name":"","buyer_account":"","pay_fee":75,"paycost":75,"currency":"CNY","currency_fee":75,"pay_type":"deposit","payment_code":"deposit","payment_name":"u652fu4ed8u5b9d","t_begin":"2016-04-29 05:35:35","t_end":"2016-04-29 05:35:35","pay_time":"2016-04-29 05:35:35","status":"SUCC","memo":"","outer_no":""},{"tid":"2016042928587","seller_bank":"","seller_account":"","buyer_id":0,"buy_name":"","buyer_account":"","pay_fee":10,"paycost":10,"currency":"CNY","currency_fee":10,"pay_type":"deposit","payment_code":"deposit","payment_name":"u652fu4ed8u5b9d","t_begin":"2016-04-29 05:56:36","t_end":"2016-04-29 05:56:36","pay_time":"2016-04-29 05:56:36","status":"SUCC","memo":"","outer_no":""},{"tid":"2016042928587","seller_bank":"","seller_account":"","buyer_id":0,"buy_name":"","buyer_account":"","pay_fee":10,"paycost":10,"currency":"CNY","currency_fee":10,"pay_type":"deposit","payment_code":"deposit","payment_name":"u652fu4ed8u5b9d","t_begin":"2016-04-29 06:40:24","t_end":"2016-04-29 06:40:24","pay_time":"2016-04-29 06:40:24","status":"SUCC","memo":"","outer_no":""},{"tid":"2016042928587","seller_bank":"","seller_account":"","buyer_id":0,"buy_name":"","buyer_account":"","pay_fee":209,"paycost":209,"currency":"CNY","currency_fee":209,"pay_type":"deposit","payment_code":"deposit","payment_name":"u652fu4ed8u5b9d","t_begin":"2016-04-29 06:49:26","t_end":"2016-04-29 06:49:26","pay_time":"2016-04-29 06:49:26","status":"SUCC","memo":"","outer_no":""}]}&status=TRADE_ACTIVE&pay_status=PAY_FINISH&ship_status=SHIP_NO&payed_fee=304.00&total_goods_fee=290.00&total_trade_fee=304.00&currency=CNY&currency_rate=1&buyer_obtain_point_fee=0&is_protect=false&protect_fee=0.00&discount_fee=-1.00&is_cod=false&payment_tid=2&payment_type=支付宝&orders_number=26&buyer_uname=chen&buyer_name=&buyer_mobile=13681644055&buyer_state=&receiver_name=马晓辰&receiver_phone=021-51086858&receiver_mobile=13681644055&receiver_state=贵州省&receiver_city=那曲地区&receiver_district=秀山土家族苗族自治县&receiver_address=桂林路396号2号楼四楼&receiver_zip=200233&orders={"order":[{"iid":"3","title":"u591au5f69u4ebau751fu591au5f69u88e4","weight":"0.000","bn":"ECS000003","orders_bn":"ECS000003g_p2","items_num":"23","total_order_fee":"10.00","oid":null,"status":"TRADE_ACTIVE","type":"goods","order_items":{"item":[{"iid":"2","bn":"ECS000003g_p2","price":"10.00","name":"u591au5f69u4ebau751fu591au5f69u88e4","weight":"0.000","num":"23","total_item_fee":"10.00","sku_properties":"u8863u670du7684u5c3au7801:L u8863u670du989cu8272:u7ea2u8272 ","sendnum":"0","item_type":"product","sale_price":230,"discount_fee":"0","score":"10.00","item_status":"normal"}]}},{"iid":"3","title":"u591au5f69u4ebau751fu591au5f69u88e4","weight":"0.000","bn":"ECS000003","orders_bn":"ECS000003g_p3","items_num":"3","total_order_fee":"20.00","oid":null,"status":"TRADE_ACTIVE","type":"goods","order_items":{"item":[{"iid":"3","bn":"ECS000003g_p3","price":"20.00","name":"u591au5f69u4ebau751fu591au5f69u88e4","weight":"0.000","num":"3","total_item_fee":"20.00","sku_properties":"u8863u670du7684u5c3au7801:M  u8863u670du989cu8272:u7effu8272  ","sendnum":"0","item_type":"product","sale_price":60,"discount_fee":"0","score":"20.00","item_status":"normal"}]}}]}&orders_discount_fee=0&shipping_tid=2&shipping_type=申通快递&shipping_fee=15.00&has_invoice=&invoice_title=&invoice_fee=0.00&pay_cost=0.00&buyer_memo=&trade_memo=&channel_ver=&consign_time=&step_trade_status=&trade_type=&buyer_email=&cod_status=&step_paid_fee=&end_time=&channel=fast&order_source=本站&logistics_no=&method=store.trade.add&callback_type=CREATEORDER&callback_type_id=2016042928587&from_type=ecshop_b2c&app_id=ecshop_b2c&certi_id=1856182534&from_node_id=1244974736&date=1461911209&timestamp=1461911209.6184&refresh_time=2016-04-29 14:26:49&format=json&v=1.0&from_api_v=1.0&node_type=ecos.ome&to_node_id=1538393636&_id=rel_1244974736_store.trade.add_1538393636&task=14619112092584&real_time=true&callback_url=http://192.168.131.88/ecshop_git/&sign=2026C006CB87495653B4369A36FCFBF3
array (
  'tid' => '2016042928587',
  'lastmodify' => '2016-04-29 08:07:49',
  'promotion_details' => '[{"promotion_name":"","promotion_fee":1}]',
  'total_weight' => 0,
  'created' => '2016-04-29 05:34:08',
  'pay_time' => '2016-04-29 06:26:49',
  'payment_lists' => '{"payment_list":[{"tid":"2016042928587","seller_bank":"","seller_account":"","buyer_id":0,"buy_name":"","buyer_account":"","pay_fee":75,"paycost":75,"currency":"CNY","currency_fee":75,"pay_type":"deposit","payment_code":"deposit","payment_name":"\u652f\u4ed8\u5b9d","t_begin":"2016-04-29 05:35:35","t_end":"2016-04-29 05:35:35","pay_time":"2016-04-29 05:35:35","status":"SUCC","memo":"","outer_no":""},{"tid":"2016042928587","seller_bank":"","seller_account":"","buyer_id":0,"buy_name":"","buyer_account":"","pay_fee":10,"paycost":10,"currency":"CNY","currency_fee":10,"pay_type":"deposit","payment_code":"deposit","payment_name":"\u652f\u4ed8\u5b9d","t_begin":"2016-04-29 05:56:36","t_end":"2016-04-29 05:56:36","pay_time":"2016-04-29 05:56:36","status":"SUCC","memo":"","outer_no":""},{"tid":"2016042928587","seller_bank":"","seller_account":"","buyer_id":0,"buy_name":"","buyer_account":"","pay_fee":10,"paycost":10,"currency":"CNY","currency_fee":10,"pay_type":"deposit","payment_code":"deposit","payment_name":"\u652f\u4ed8\u5b9d","t_begin":"2016-04-29 06:40:24","t_end":"2016-04-29 06:40:24","pay_time":"2016-04-29 06:40:24","status":"SUCC","memo":"","outer_no":""},{"tid":"2016042928587","seller_bank":"","seller_account":"","buyer_id":0,"buy_name":"","buyer_account":"","pay_fee":209,"paycost":209,"currency":"CNY","currency_fee":209,"pay_type":"deposit","payment_code":"deposit","payment_name":"\u652f\u4ed8\u5b9d","t_begin":"2016-04-29 06:49:26","t_end":"2016-04-29 06:49:26","pay_time":"2016-04-29 06:49:26","status":"SUCC","memo":"","outer_no":""}]}',
  'status' => 'TRADE_ACTIVE',
  'pay_status' => 'PAY_FINISH',
  'ship_status' => 'SHIP_NO',
  'payed_fee' => '304.00',
  'total_goods_fee' => '290.00',
  'total_trade_fee' => '304.00',
  'currency' => 'CNY',
  'currency_rate' => 1,
  'buyer_obtain_point_fee' => 0,
  'is_protect' => 'false',
  'protect_fee' => '0.00',
  'discount_fee' => '-1.00',
  'is_cod' => 'false',
  'payment_tid' => '2',
  'payment_type' => '支付宝',
  'orders_number' => '26',
  'buyer_uname' => 'chen',
  'buyer_name' => '',
  'buyer_mobile' => '13681644055',
  'buyer_state' => '',
  'receiver_name' => '马晓辰',
  'receiver_phone' => '021-51086858',
  'receiver_mobile' => '13681644055',
  'receiver_state' => '贵州省',
  'receiver_city' => '那曲地区',
  'receiver_district' => '秀山土家族苗族自治县',
  'receiver_address' => '桂林路396号2号楼四楼',
  'receiver_zip' => '200233',
  'orders' => '{"order":[{"iid":"3","title":"\u591a\u5f69\u4eba\u751f\u591a\u5f69\u88e4","weight":"0.000","bn":"ECS000003","orders_bn":"ECS000003g_p2","items_num":"23","total_order_fee":"10.00","oid":null,"status":"TRADE_ACTIVE","type":"goods","order_items":{"item":[{"iid":"2","bn":"ECS000003g_p2","price":"10.00","name":"\u591a\u5f69\u4eba\u751f\u591a\u5f69\u88e4","weight":"0.000","num":"23","total_item_fee":"10.00","sku_properties":"\u8863\u670d\u7684\u5c3a\u7801:L \u8863\u670d\u989c\u8272:\u7ea2\u8272 ","sendnum":"0","item_type":"product","sale_price":230,"discount_fee":"0","score":"10.00","item_status":"normal"}]}},{"iid":"3","title":"\u591a\u5f69\u4eba\u751f\u591a\u5f69\u88e4","weight":"0.000","bn":"ECS000003","orders_bn":"ECS000003g_p3","items_num":"3","total_order_fee":"20.00","oid":null,"status":"TRADE_ACTIVE","type":"goods","order_items":{"item":[{"iid":"3","bn":"ECS000003g_p3","price":"20.00","name":"\u591a\u5f69\u4eba\u751f\u591a\u5f69\u88e4","weight":"0.000","num":"3","total_item_fee":"20.00","sku_properties":"\u8863\u670d\u7684\u5c3a\u7801:M  \u8863\u670d\u989c\u8272:\u7eff\u8272  ","sendnum":"0","item_type":"product","sale_price":60,"discount_fee":"0","score":"20.00","item_status":"normal"}]}}]}',
  'orders_discount_fee' => 0,
  'shipping_tid' => '2',
  'shipping_type' => '申通快递',
  'shipping_fee' => '15.00',
  'has_invoice' => '',
  'invoice_title' => '',
  'invoice_fee' => '0.00',
  'pay_cost' => '0.00',
  'buyer_memo' => '',
  'trade_memo' => '',
  'channel_ver' => '',
  'consign_time' => '',
  'step_trade_status' => '',
  'trade_type' => '',
  'buyer_email' => '',
  'cod_status' => '',
  'step_paid_fee' => '',
  'end_time' => '',
  'channel' => 'fast',
  'order_source' => '本站',
  'logistics_no' => '',
  'method' => 'store.trade.add',
  'callback_type' => 'CREATEORDER',
  'callback_type_id' => '2016042928587',
  'from_type' => 'ecshop_b2c',
  'app_id' => 'ecshop_b2c',
  'certi_id' => '1856182534',
  'from_node_id' => '1244974736',
  'date' => 1461911209,
  'timestamp' => 1461911209.6184,
  'refresh_time' => '2016-04-29 14:26:49',
  'format' => 'json',
  'v' => '1.0',
  'from_api_v' => '1.0',
  'node_type' => 'ecos.ome',
  'to_node_id' => '1538393636',
  '_id' => 'rel_1244974736_store.trade.add_1538393636',
  'task' => '14619112092584',
  'real_time' => 'true',
  'callback_url' => 'http://192.168.131.88/ecshop_git/',
  'sign' => '2026C006CB87495653B4369A36FCFBF3',
)

2016-04-29T14:26:50+08:00	
array (
  'header' => 'HTTP/1.1 200 OK
Server: openresty/1.9.3.1
Date: Fri, 29 Apr 2016 05:46:09 GMT
Content-Type: text/html; charset=ISO-8859-1
Connection: close',
  'body' => '{"res": "", "msg_id": "5722FEB4C0A84B76FE8DE70942D547B4", "err_msg": "", "data": "{\"tid\": \"2016042928587\"}", "rsp": "succ"}',
)

