2016-04-29T14:05:40+08:00	date=2016-04-29 14:06:03&ac=1a3deeec21dcc63a1efea64d0d503ca2&task=&act=ome:fetch_order_detail&order_id=2016042928587&return_data=json&api_version=1.0
array (
  'date' => '2016-04-29 14:06:03',
  'ac' => '1a3deeec21dcc63a1efea64d0d503ca2',
  'task' => '',
  'act' => 'ome:fetch_order_detail',
  'order_id' => '2016042928587',
  'return_data' => 'json',
  'api_version' => '1.0',
)

2016-04-29T14:11:08+08:00	date=2016-04-29 14:11:34&ac=4a5eb201de39867b2cfe7cec2e8a892c&task=&act=ome:fetch_order_detail&order_id=2016042928587&return_data=json&api_version=1.0
array (
  'date' => '2016-04-29 14:11:34',
  'ac' => '4a5eb201de39867b2cfe7cec2e8a892c',
  'task' => '',
  'act' => 'ome:fetch_order_detail',
  'order_id' => '2016042928587',
  'return_data' => 'json',
  'api_version' => '1.0',
)

2016-04-29T14:12:31+08:00	date=2016-04-29 14:12:57&ac=819129e556081413ade169c5a23605ff&task=&act=ome:fetch_order_detail&order_id=2016042928587&return_data=json&api_version=1.0
array (
  'date' => '2016-04-29 14:12:57',
  'ac' => '819129e556081413ade169c5a23605ff',
  'task' => '',
  'act' => 'ome:fetch_order_detail',
  'order_id' => '2016042928587',
  'return_data' => 'json',
  'api_version' => '1.0',
)

2016-04-29T14:18:21+08:00	date=2016-04-29 14:18:43&ac=a4898667a9012a4e216fd98c6244bd99&task=&act=ome:fetch_order_detail&order_id=2016042928587&return_data=json&api_version=1.0
array (
  'date' => '2016-04-29 14:18:43',
  'ac' => 'a4898667a9012a4e216fd98c6244bd99',
  'task' => '',
  'act' => 'ome:fetch_order_detail',
  'order_id' => '2016042928587',
  'return_data' => 'json',
  'api_version' => '1.0',
)

2016-04-29T14:22:05+08:00	date=2016-04-29 14:18:43&ac=a4898667a9012a4e216fd98c6244bd99&task=&act=ome:fetch_order_detail&order_id=2016042928587&return_data=json&api_version=1.0
array (
  'date' => '2016-04-29 14:18:43',
  'ac' => 'a4898667a9012a4e216fd98c6244bd99',
  'task' => '',
  'act' => 'ome:fetch_order_detail',
  'order_id' => '2016042928587',
  'return_data' => 'json',
  'api_version' => '1.0',
)

2016-04-29T14:23:39+08:00	date=2016-04-29 14:24:04&ac=b601bd9a3c142fa92efc43e50103d7d2&task=&act=ome:fetch_order_detail&order_id=2016042928587&return_data=json&api_version=1.0
array (
  'date' => '2016-04-29 14:24:04',
  'ac' => 'b601bd9a3c142fa92efc43e50103d7d2',
  'task' => '',
  'act' => 'ome:fetch_order_detail',
  'order_id' => '2016042928587',
  'return_data' => 'json',
  'api_version' => '1.0',
)

2016-04-29T14:24:21+08:00	ac=a65f3bd4288f3323e73ca1cc3260f7f8&total_goods_fee=80.000&currency=CNY&total_weight=0.000&total_currency_fee=95.000&shipping_type=申通快递&has_invoice=false&orders={"order": [{"total_order_fee": "20.000", "weight": "0.000", "title": "\u591a\u5f69\u4eba\u751f\u591a\u5f69\u88e4", "discount_fee": null, "items_num": "2", "oid": "3", "order_items": {"order_item": [{"sku_id": "18", "name": "\u591a\u5f69\u4eba\u751f\u591a\u5f69\u88e4", "weight": "0.000", "item_type": "product", "price": "10.000", "sku_properties": "", "item_status": "normal", "num": "2", "sendnum": "0", "sale_price": "20.000", "score": "10", "bn": "ECS000003g_p2", "total_item_fee": "20.000"}]}, "iid": "3", "type_alias": "\u5546\u54c1", "type": "goods"}, {"total_order_fee": "60.000", "weight": "0.000", "title": "\u591a\u5f69\u4eba\u751f\u591a\u5f69\u88e4", "discount_fee": null, "items_num": "3", "oid": "3", "order_items": {"order_item": [{"sku_id": "13", "name": "\u591a\u5f69\u4eba\u751f\u591a\u5f69\u88e4", "weight": "0.000", "item_type": "product", "price": "20.000", "sku_properties": "", "item_status": "normal", "num": "3", "sendnum": "0", "sale_price": "60.000", "score": "20", "bn": "ECS000003g_p3", "total_item_fee": "60.000"}]}, "iid": "3", "type_alias": "\u5546\u54c1", "type": "goods"}]}&orders_discount_fee=0.000&tid=2016042928587&api_version=1.0&total_trade_fee=95.000&task=1461911087458411911299&currency_rate=1.0000&date=2016-04-29 14:24:47&goods_discount_fee=0.000&shipping_fee=15.000&created=2016-04-29 05:34:08&discount_fee=0.000&payed_fee=85.000&invoice_fee=0.000&modified=2016-04-29 14:24:47&act=ome_update_order_item&return_data=json&invoice_title=
array (
  'ac' => 'a65f3bd4288f3323e73ca1cc3260f7f8',
  'total_goods_fee' => '80.000',
  'currency' => 'CNY',
  'total_weight' => '0.000',
  'total_currency_fee' => '95.000',
  'shipping_type' => '申通快递',
  'has_invoice' => 'false',
  'orders' => '{\"order\": [{\"total_order_fee\": \"20.000\", \"weight\": \"0.000\", \"title\": \"\\u591a\\u5f69\\u4eba\\u751f\\u591a\\u5f69\\u88e4\", \"discount_fee\": null, \"items_num\": \"2\", \"oid\": \"3\", \"order_items\": {\"order_item\": [{\"sku_id\": \"18\", \"name\": \"\\u591a\\u5f69\\u4eba\\u751f\\u591a\\u5f69\\u88e4\", \"weight\": \"0.000\", \"item_type\": \"product\", \"price\": \"10.000\", \"sku_properties\": \"\", \"item_status\": \"normal\", \"num\": \"2\", \"sendnum\": \"0\", \"sale_price\": \"20.000\", \"score\": \"10\", \"bn\": \"ECS000003g_p2\", \"total_item_fee\": \"20.000\"}]}, \"iid\": \"3\", \"type_alias\": \"\\u5546\\u54c1\", \"type\": \"goods\"}, {\"total_order_fee\": \"60.000\", \"weight\": \"0.000\", \"title\": \"\\u591a\\u5f69\\u4eba\\u751f\\u591a\\u5f69\\u88e4\", \"discount_fee\": null, \"items_num\": \"3\", \"oid\": \"3\", \"order_items\": {\"order_item\": [{\"sku_id\": \"13\", \"name\": \"\\u591a\\u5f69\\u4eba\\u751f\\u591a\\u5f69\\u88e4\", \"weight\": \"0.000\", \"item_type\": \"product\", \"price\": \"20.000\", \"sku_properties\": \"\", \"item_status\": \"normal\", \"num\": \"3\", \"sendnum\": \"0\", \"sale_price\": \"60.000\", \"score\": \"20\", \"bn\": \"ECS000003g_p3\", \"total_item_fee\": \"60.000\"}]}, \"iid\": \"3\", \"type_alias\": \"\\u5546\\u54c1\", \"type\": \"goods\"}]}',
  'orders_discount_fee' => '0.000',
  'tid' => '2016042928587',
  'api_version' => '1.0',
  'total_trade_fee' => '95.000',
  'task' => '1461911087458411911299',
  'currency_rate' => '1.0000',
  'date' => '2016-04-29 14:24:47',
  'goods_discount_fee' => '0.000',
  'shipping_fee' => '15.000',
  'created' => '2016-04-29 05:34:08',
  'discount_fee' => '0.000',
  'payed_fee' => '85.000',
  'invoice_fee' => '0.000',
  'modified' => '2016-04-29 14:24:47',
  'act' => 'ome_update_order_item',
  'return_data' => 'json',
  'invoice_title' => '',
)

2016-04-29T14:24:40+08:00	ac=5678c5d358930808501696b5fb711f82&order_id=2016042928587&money=10.000&memo=&member_id=chen&paycost=&currency=CNY&op_id=admin&date=2016-04-29 14:25:05&bank=&t_end=1461911105&trade_no=&pay_type=offline&account=&task=146191110554741155038068&cur_money=10.000&act=create_ome_payments&t_begin=1461911105&paymethod=&pay_account=&return_data=json&api_version=1.0
array (
  'ac' => '5678c5d358930808501696b5fb711f82',
  'order_id' => '2016042928587',
  'money' => '10.000',
  'memo' => '',
  'member_id' => 'chen',
  'paycost' => '',
  'currency' => 'CNY',
  'op_id' => 'admin',
  'date' => '2016-04-29 14:25:05',
  'bank' => '',
  't_end' => '1461911105',
  'trade_no' => '',
  'pay_type' => 'offline',
  'account' => '',
  'task' => '146191110554741155038068',
  'cur_money' => '10.000',
  'act' => 'create_ome_payments',
  't_begin' => '1461911105',
  'paymethod' => '',
  'pay_account' => '',
  'return_data' => 'json',
  'api_version' => '1.0',
)

2016-04-29T14:26:32+08:00	ac=3c750ec27fd63fe86936eebcace3d4cc&total_goods_fee=290.000&currency=CNY&total_weight=0.000&total_currency_fee=304.000&shipping_type=申通快递&has_invoice=false&orders={"order": [{"total_order_fee": "230.000", "weight": "0.000", "title": "\u591a\u5f69\u4eba\u751f\u591a\u5f69\u88e4", "discount_fee": null, "items_num": "23", "oid": "3", "order_items": {"order_item": [{"sku_id": "18", "name": "\u591a\u5f69\u4eba\u751f\u591a\u5f69\u88e4", "weight": "0.000", "item_type": "product", "price": "10.000", "sku_properties": "", "item_status": "normal", "num": "23", "sendnum": "0", "sale_price": "230.000", "score": "10", "bn": "ECS000003g_p2", "total_item_fee": "230.000"}]}, "iid": "3", "type_alias": "\u5546\u54c1", "type": "goods"}, {"total_order_fee": "60.000", "weight": "0.000", "title": "\u591a\u5f69\u4eba\u751f\u591a\u5f69\u88e4", "discount_fee": null, "items_num": "3", "oid": "3", "order_items": {"order_item": [{"sku_id": "13", "name": "\u591a\u5f69\u4eba\u751f\u591a\u5f69\u88e4", "weight": "0.000", "item_type": "product", "price": "20.000", "sku_properties": "", "item_status": "normal", "num": "3", "sendnum": "0", "sale_price": "60.000", "score": "20", "bn": "ECS000003g_p3", "total_item_fee": "60.000"}]}, "iid": "3", "type_alias": "\u5546\u54c1", "type": "goods"}, {"total_order_fee": "0.000", "weight": "0.000", "title": "ECS_CARD_1", "discount_fee": "0.000", "items_num": "3", "oid": "0", "order_items": {"order_item": [{"sku_id": "17", "name": "ECS_CARD_1", "weight": "0.000", "item_type": "product", "price": "0.000", "sku_properties": "", "item_status": "normal", "num": "3", "sendnum": "0", "sale_price": "-1.000", "score": null, "bn": "ECS_CARD_1", "total_item_fee": "0.000"}]}, "iid": "0", "type_alias": "\u5546\u54c1", "type": "goods"}]}&orders_discount_fee=0.000&tid=2016042928587&api_version=1.0&total_trade_fee=304.000&pay_cost=0.000&task=14619112177318176934409&currency_rate=1.0000&date=2016-04-29 14:26:57&goods_discount_fee=1.000&shipping_fee=15.000&created=2016-04-29 05:34:08&discount_fee=0.000&payed_fee=95.000&invoice_fee=0.000&modified=2016-04-29 14:26:57&act=ome_update_order_item&return_data=json&invoice_title=
array (
  'ac' => '3c750ec27fd63fe86936eebcace3d4cc',
  'total_goods_fee' => '290.000',
  'currency' => 'CNY',
  'total_weight' => '0.000',
  'total_currency_fee' => '304.000',
  'shipping_type' => '申通快递',
  'has_invoice' => 'false',
  'orders' => '{\"order\": [{\"total_order_fee\": \"230.000\", \"weight\": \"0.000\", \"title\": \"\\u591a\\u5f69\\u4eba\\u751f\\u591a\\u5f69\\u88e4\", \"discount_fee\": null, \"items_num\": \"23\", \"oid\": \"3\", \"order_items\": {\"order_item\": [{\"sku_id\": \"18\", \"name\": \"\\u591a\\u5f69\\u4eba\\u751f\\u591a\\u5f69\\u88e4\", \"weight\": \"0.000\", \"item_type\": \"product\", \"price\": \"10.000\", \"sku_properties\": \"\", \"item_status\": \"normal\", \"num\": \"23\", \"sendnum\": \"0\", \"sale_price\": \"230.000\", \"score\": \"10\", \"bn\": \"ECS000003g_p2\", \"total_item_fee\": \"230.000\"}]}, \"iid\": \"3\", \"type_alias\": \"\\u5546\\u54c1\", \"type\": \"goods\"}, {\"total_order_fee\": \"60.000\", \"weight\": \"0.000\", \"title\": \"\\u591a\\u5f69\\u4eba\\u751f\\u591a\\u5f69\\u88e4\", \"discount_fee\": null, \"items_num\": \"3\", \"oid\": \"3\", \"order_items\": {\"order_item\": [{\"sku_id\": \"13\", \"name\": \"\\u591a\\u5f69\\u4eba\\u751f\\u591a\\u5f69\\u88e4\", \"weight\": \"0.000\", \"item_type\": \"product\", \"price\": \"20.000\", \"sku_properties\": \"\", \"item_status\": \"normal\", \"num\": \"3\", \"sendnum\": \"0\", \"sale_price\": \"60.000\", \"score\": \"20\", \"bn\": \"ECS000003g_p3\", \"total_item_fee\": \"60.000\"}]}, \"iid\": \"3\", \"type_alias\": \"\\u5546\\u54c1\", \"type\": \"goods\"}, {\"total_order_fee\": \"0.000\", \"weight\": \"0.000\", \"title\": \"ECS_CARD_1\", \"discount_fee\": \"0.000\", \"items_num\": \"3\", \"oid\": \"0\", \"order_items\": {\"order_item\": [{\"sku_id\": \"17\", \"name\": \"ECS_CARD_1\", \"weight\": \"0.000\", \"item_type\": \"product\", \"price\": \"0.000\", \"sku_properties\": \"\", \"item_status\": \"normal\", \"num\": \"3\", \"sendnum\": \"0\", \"sale_price\": \"-1.000\", \"score\": null, \"bn\": \"ECS_CARD_1\", \"total_item_fee\": \"0.000\"}]}, \"iid\": \"0\", \"type_alias\": \"\\u5546\\u54c1\", \"type\": \"goods\"}]}',
  'orders_discount_fee' => '0.000',
  'tid' => '2016042928587',
  'api_version' => '1.0',
  'total_trade_fee' => '304.000',
  'pay_cost' => '0.000',
  'task' => '14619112177318176934409',
  'currency_rate' => '1.0000',
  'date' => '2016-04-29 14:26:57',
  'goods_discount_fee' => '1.000',
  'shipping_fee' => '15.000',
  'created' => '2016-04-29 05:34:08',
  'discount_fee' => '0.000',
  'payed_fee' => '95.000',
  'invoice_fee' => '0.000',
  'modified' => '2016-04-29 14:26:57',
  'act' => 'ome_update_order_item',
  'return_data' => 'json',
  'invoice_title' => '',
)

2016-04-29T14:26:49+08:00	ac=caa72a748b31cdf4b975af9410b1a138&order_id=2016042928587&money=209.000&memo=&member_id=chen&paycost=&currency=CNY&op_id=admin&date=2016-04-29 14:27:15&bank=&t_end=1461911235&trade_no=&pay_type=offline&account=&task=14619112353203782609606&cur_money=209.000&act=create_ome_payments&t_begin=1461911235&paymethod=&pay_account=&return_data=json&api_version=1.0
array (
  'ac' => 'caa72a748b31cdf4b975af9410b1a138',
  'order_id' => '2016042928587',
  'money' => '209.000',
  'memo' => '',
  'member_id' => 'chen',
  'paycost' => '',
  'currency' => 'CNY',
  'op_id' => 'admin',
  'date' => '2016-04-29 14:27:15',
  'bank' => '',
  't_end' => '1461911235',
  'trade_no' => '',
  'pay_type' => 'offline',
  'account' => '',
  'task' => '14619112353203782609606',
  'cur_money' => '209.000',
  'act' => 'create_ome_payments',
  't_begin' => '1461911235',
  'paymethod' => '',
  'pay_account' => '',
  'return_data' => 'json',
  'api_version' => '1.0',
)

